INFO:  latexindent.exe version 3.22.2, 2023-07-14, a script to indent .tex files
       latexindent.exe lives here: C:/Users/Ernst/02-Work/Projects/DESCT/
       Fri Aug 11 14:48:30 2023
       Filename: .\results\mnist.tex
INFO:  Processing switches:
INFO:  Directory for backup files and indent.log:
       .\results
       cruft directory creation: .\results
INFO:  YAML settings read: defaultSettings.yaml
       Reading defaultSettings.yaml from C:/Users/Ernst/02-Work/Projects/DESCT/defaultSettings.yaml
       Reading defaultSettings.yaml (2nd attempt) from C:/Users/Ernst/02-Work/Projects/DESCT/../../texmf-dist/scripts/latexindent/defaultSettings.yaml
       and then, if necessary, C:/Users/Ernst/02-Work/Projects/DESCT/LatexIndent/defaultSettings.yaml
INFO:  YAML reading settings
       Home directory is C:\Users\Ernst
       latexindent.pl didn't find indentconfig.yaml or .indentconfig.yaml
       see all possible locations: https://latexindentpl.readthedocs.io/en/latest/sec-appendices.html#indentconfig-options)
FATAL I couldn't find .\results\mnist.tex, are you sure it exists?
      Exiting, no indentation done.
       --------------
INFO:  Please direct all communication/issues to:
        https://github.com/cmhughes/latexindent.pl
